# -*-compilation-*-
Processing `D:/Jason/comp_scaffold/DexmoPiano/songs/ex10-210708.ly'
Parsing...
error: Invalid version string "2.20.18”
% first lesson ex.10
% ascending and descending pentachord
% updated 8 July 2021

\header{
  title = "
D:/Jason/comp_scaffold/DexmoPiano/songs/ex10-210708.ly:7:18: error: syntax error, unexpected SYMBOL, expecting ',' or '.' or '='
  title = "Piano 
                 Exercise 10 - Pentachord”
Interpreting music...[8]
Preprocessing graphical objects...
Interpreting music...
MIDI output to `/Jason/comp_scaffold/DexmoPiano/songs/ex10-210708.mid'...
Finding the ideal number of pages...
Fitting music on 1 page...
Drawing systems...
Layout output to `./tmp-lilypond-TEfoUj'...
Converting to `/Jason/comp_scaffold/DexmoPiano/songs/ex10-210708.pdf'...
Deleting `./tmp-lilypond-TEfoUj'...
fatal error: failed files: "D:\\Jason\\comp_scaffold\\DexmoPiano\\songs\\ex10-210708.ly"
